0 info it worked if it ends with ok
1 verbose cli [ 'C:\\Program Files\\nodejs\\node.exe',
1 verbose cli   'C:\\Program Files\\nodejs\\node_modules\\npm\\bin\\npm-cli.js',
1 verbose cli   'start' ]
2 info using npm@3.10.10
3 info using node@v6.10.3
4 verbose run-script [ 'prestart', 'start', 'poststart' ]
5 info lifecycle foundation-zurb-template@1.0.0~prestart: foundation-zurb-template@1.0.0
6 silly lifecycle foundation-zurb-template@1.0.0~prestart: no script for prestart, continuing
7 info lifecycle foundation-zurb-template@1.0.0~start: foundation-zurb-template@1.0.0
8 verbose lifecycle foundation-zurb-template@1.0.0~start: unsafe-perm in lifecycle true
9 verbose lifecycle foundation-zurb-template@1.0.0~start: PATH: C:\Program Files\nodejs\node_modules\npm\bin\node-gyp-bin;D:\wamp\www\Foundation\gsigma-druga-verzija\node_modules\.bin;C:\Ruby23\bin;C:\RailsInstaller\Git\cmd;C:\RailsInstaller\Ruby2.1.0\bin;C:\Program Files\Common Files\Microsoft Shared\Windows Live;C:\Program Files (x86)\Common Files\Microsoft Shared\Windows Live;C:\WINDOWS\system32;C:\WINDOWS;C:\WINDOWS\System32\Wbem;C:\WINDOWS\System32\WindowsPowerShell\v1.0\;C:\Program Files\Lenovo\Bluetooth Software\;C:\Program Files\Lenovo\Bluetooth Software\syswow64;C:\Program Files (x86)\Windows Live\Shared;C:\Program Files (x86)\Calibre2\;C:\Program Files (x86)\Skype\Phone\;C:\Program Files\Git\cmd;C:\Program Files\nodejs\;C:\Users\Ra훾unar\AppData\Local\Programs\Python\Python35-32\Scripts\;C:\Users\Ra훾unar\AppData\Local\Programs\Python\Python35-32\;C:\Users\Ra훾unar\AppData\Local\Microsoft\WindowsApps;C:\Users\Ra훾unar\AppData\Roaming\npm
10 verbose lifecycle foundation-zurb-template@1.0.0~start: CWD: D:\wamp\www\Foundation\gsigma-druga-verzija
11 silly lifecycle foundation-zurb-template@1.0.0~start: Args: [ '/d /s /c', 'gulp' ]
12 silly lifecycle foundation-zurb-template@1.0.0~start: Returned: code: 3221225786  signal: null
13 info lifecycle foundation-zurb-template@1.0.0~start: Failed to exec start script
14 verbose stack Error: foundation-zurb-template@1.0.0 start: `gulp`
14 verbose stack Exit status 3221225786
14 verbose stack     at EventEmitter.<anonymous> (C:\Program Files\nodejs\node_modules\npm\lib\utils\lifecycle.js:255:16)
14 verbose stack     at emitTwo (events.js:106:13)
14 verbose stack     at EventEmitter.emit (events.js:191:7)
14 verbose stack     at ChildProcess.<anonymous> (C:\Program Files\nodejs\node_modules\npm\lib\utils\spawn.js:40:14)
14 verbose stack     at emitTwo (events.js:106:13)
14 verbose stack     at ChildProcess.emit (events.js:191:7)
14 verbose stack     at maybeClose (internal/child_process.js:886:16)
14 verbose stack     at Process.ChildProcess._handle.onexit (internal/child_process.js:226:5)
15 verbose pkgid foundation-zurb-template@1.0.0
16 verbose cwd D:\wamp\www\Foundation\gsigma-druga-verzija
17 error Windows_NT 10.0.14393
18 error argv "C:\\Program Files\\nodejs\\node.exe" "C:\\Program Files\\nodejs\\node_modules\\npm\\bin\\npm-cli.js" "start"
19 error node v6.10.3
20 error npm  v3.10.10
21 error code ELIFECYCLE
22 error foundation-zurb-template@1.0.0 start: `gulp`
22 error Exit status 3221225786
23 error Failed at the foundation-zurb-template@1.0.0 start script 'gulp'.
23 error Make sure you have the latest version of node.js and npm installed.
23 error If you do, this is most likely a problem with the foundation-zurb-template package,
23 error not with npm itself.
23 error Tell the author that this fails on your system:
23 error     gulp
23 error You can get information on how to open an issue for this project with:
23 error     npm bugs foundation-zurb-template
23 error Or if that isn't available, you can get their info via:
23 error     npm owner ls foundation-zurb-template
23 error There is likely additional logging output above.
24 verbose exit [ 1, true ]
